<?xml version="1.0" encoding="UTF-8"?>
<coverage generated="1574434783156" clover="3.2.0">
  <project timestamp="1574434783157" name="All files">
    <metrics statements="17" coveredstatements="14" conditionals="2" coveredconditionals="0" methods="4" coveredmethods="3" elements="23" coveredelements="17" complexity="0" loc="17" ncloc="17" packages="1" files="1" classes="1"/>
    <file name="index.js" path="C:\Users\Paloma\Desktop\SCL011-MD-Links\index.js">
      <metrics statements="17" coveredstatements="14" conditionals="2" coveredconditionals="0" methods="4" coveredmethods="3"/>
      <line num="1" count="1" type="stmt"/>
      <line num="2" count="1" type="stmt"/>
      <line num="3" count="1" type="stmt"/>
      <line num="4" count="1" type="stmt"/>
      <line num="6" count="1" type="stmt"/>
      <line num="7" count="1" type="stmt"/>
      <line num="8" count="1" type="stmt"/>
      <line num="9" count="0" type="cond" truecount="0" falsecount="2"/>
      <line num="10" count="0" type="stmt"/>
      <line num="12" count="0" type="stmt"/>
      <line num="17" count="1" type="stmt"/>
      <line num="19" count="1" type="stmt"/>
      <line num="20" count="1" type="stmt"/>
      <line num="26" count="1" type="stmt"/>
      <line num="28" count="1" type="stmt"/>
      <line num="30" count="1" type="stmt"/>
      <line num="31" count="54" type="stmt"/>
    </file>
  </project>
</coverage>
