{"C:\\Users\\Paloma\\Desktop\\SCL011-MD-Links\\index.js": {"path":"C:\\Users\\Paloma\\Desktop\\SCL011-MD-Links\\index.js","statementMap":{"0":{"start":{"line":1,"column":11},"end":{"line":1,"column":24}},"1":{"start":{"line":2,"column":13},"end":{"line":2,"column":28}},"2":{"start":{"line":3,"column":30},"end":{"line":3,"column":64}},"3":{"start":{"line":4,"column":18},"end":{"line":4,"column":38}},"4":{"start":{"line":6,"column":19},"end":{"line":16,"column":1}},"5":{"start":{"line":7,"column":4},"end":{"line":14,"column":6}},"6":{"start":{"line":8,"column":5},"end":{"line":13,"column":10}},"7":{"start":{"line":9,"column":8},"end":{"line":11,"column":9}},"8":{"start":{"line":10,"column":11},"end":{"line":10,"column":61}},"9":{"start":{"line":12,"column":8},"end":{"line":12,"column":24}},"10":{"start":{"line":17,"column":10},"end":{"line":17,"column":35}},"11":{"start":{"line":19,"column":0},"end":{"line":19,"column":26}},"12":{"start":{"line":20,"column":0},"end":{"line":20,"column":37}},"13":{"start":{"line":26,"column":15},"end":{"line":26,"column":54}},"14":{"start":{"line":28,"column":12},"end":{"line":28,"column":43}},"15":{"start":{"line":30,"column":0},"end":{"line":32,"column":3}},"16":{"start":{"line":31,"column":4},"end":{"line":31,"column":22}}},"fnMap":{"0":{"name":"(anonymous_0)","decl":{"start":{"line":6,"column":19},"end":{"line":6,"column":20}},"loc":{"start":{"line":6,"column":27},"end":{"line":16,"column":1}},"line":6},"1":{"name":"(anonymous_1)","decl":{"start":{"line":7,"column":24},"end":{"line":7,"column":25}},"loc":{"start":{"line":7,"column":44},"end":{"line":14,"column":5}},"line":7},"2":{"name":"(anonymous_2)","decl":{"start":{"line":8,"column":31},"end":{"line":8,"column":32}},"loc":{"start":{"line":8,"column":51},"end":{"line":13,"column":8}},"line":8},"3":{"name":"(anonymous_3)","decl":{"start":{"line":30,"column":14},"end":{"line":30,"column":15}},"loc":{"start":{"line":30,"column":30},"end":{"line":32,"column":1}},"line":30}},"branchMap":{"0":{"loc":{"start":{"line":9,"column":8},"end":{"line":11,"column":9}},"type":"if","locations":[{"start":{"line":9,"column":8},"end":{"line":11,"column":9}},{"start":{"line":9,"column":8},"end":{"line":11,"column":9}}],"line":9}},"s":{"0":1,"1":1,"2":1,"3":1,"4":1,"5":1,"6":1,"7":0,"8":0,"9":0,"10":1,"11":1,"12":1,"13":1,"14":1,"15":1,"16":54},"f":{"0":1,"1":1,"2":0,"3":54},"b":{"0":[0,0]},"_coverageSchema":"43e27e138ebf9cfc5966b082cf9a028302ed4184","hash":"2ceee2b9e3d2ebfd968e9260530d10776a050abb"}
}
